# JRE version: OpenJDK Runtime Environment (8.0_76-b03) (build 1.8.0_76-release-b03)
# Java VM: OpenJDK 64-Bit Server VM (25.76-b03 mixed mode linux-amd64 compressed oops)
Heap:
 PSYoungGen      total 330240K, used 23040K [0x00000000e0000000, 0x00000000f5900000, 0x0000000100000000)
  eden space 307200K, 0% used [0x00000000e0000000,0x00000000e0000000,0x00000000f2c00000)
  from space 23040K, 100% used [0x00000000f2c00000,0x00000000f4280000,0x00000000f4280000)
  to   space 15360K, 0% used [0x00000000f4a00000,0x00000000f4a00000,0x00000000f5900000)
 ParOldGen       total 100864K, used 72803K [0x00000000a0000000, 0x00000000a6280000, 0x00000000e0000000)
  object space 100864K, 72% used [0x00000000a0000000,0x00000000a4718cf0,0x00000000a6280000)
 Metaspace       used 61807K, capacity 63110K, committed 63488K, reserved 1103872K
  class space    used 7838K, capacity 8143K, committed 8192K, reserved 1048576K
GC Heap History (10 events):
Event: 25,823 GC heap after
Heap after GC invocations=13 (full 2):
 PSYoungGen      total 194560K, used 13822K [0x00000000e0000000, 0x00000000f0c00000, 0x0000000100000000)
  eden space 180736K, 0% used [0x00000000e0000000,0x00000000e0000000,0x00000000eb080000)
  from space 13824K, 99% used [0x00000000eb080000,0x00000000ebdffb70,0x00000000ebe00000)
  to   space 17920K, 0% used [0x00000000efa80000,0x00000000efa80000,0x00000000f0c00000)
 ParOldGen       total 52736K, used 19938K [0x00000000a0000000, 0x00000000a3380000, 0x00000000e0000000)
  object space 52736K, 37% used [0x00000000a0000000,0x00000000a1378890,0x00000000a3380000)
 Metaspace       used 46356K, capacity 47624K, committed 47872K, reserved 1091584K
  class space    used 6244K, capacity 6552K, committed 6656K, reserved 1048576K
}
Event: 39,466 GC heap before
{Heap before GC invocations=14 (full 2):
 PSYoungGen      total 194560K, used 194558K [0x00000000e0000000, 0x00000000f0c00000, 0x0000000100000000)
  eden space 180736K, 100% used [0x00000000e0000000,0x00000000eb080000,0x00000000eb080000)
  from space 13824K, 99% used [0x00000000eb080000,0x00000000ebdffb70,0x00000000ebe00000)
  to   space 17920K, 0% used [0x00000000efa80000,0x00000000efa80000,0x00000000f0c00000)
 ParOldGen       total 52736K, used 19938K [0x00000000a0000000, 0x00000000a3380000, 0x00000000e0000000)
  object space 52736K, 37% used [0x00000000a0000000,0x00000000a1378890,0x00000000a3380000)
 Metaspace       used 55980K, capacity 57264K, committed 57472K, reserved 1099776K
  class space    used 7218K, capacity 7524K, committed 7552K, reserved 1048576K
Event: 39,605 GC heap after
Heap after GC invocations=14 (full 2):
 PSYoungGen      total 249344K, used 17917K [0x00000000e0000000, 0x00000000f1600000, 0x0000000100000000)
  eden space 231424K, 0% used [0x00000000e0000000,0x00000000e0000000,0x00000000ee200000)
  from space 17920K, 99% used [0x00000000efa80000,0x00000000f0bff588,0x00000000f0c00000)
  to   space 25088K, 0% used [0x00000000ee200000,0x00000000ee200000,0x00000000efa80000)
 ParOldGen       total 52736K, used 33051K [0x00000000a0000000, 0x00000000a3380000, 0x00000000e0000000)
  object space 52736K, 62% used [0x00000000a0000000,0x00000000a2046f50,0x00000000a3380000)
 Metaspace       used 55980K, capacity 57264K, committed 57472K, reserved 1099776K
  class space    used 7218K, capacity 7524K, committed 7552K, reserved 1048576K
}
Event: 41,798 GC heap before
{Heap before GC invocations=15 (full 2):
 PSYoungGen      total 249344K, used 47935K [0x00000000e0000000, 0x00000000f1600000, 0x0000000100000000)
  eden space 231424K, 12% used [0x00000000e0000000,0x00000000e1d50a10,0x00000000ee200000)
  from space 17920K, 99% used [0x00000000efa80000,0x00000000f0bff588,0x00000000f0c00000)
  to   space 25088K, 0% used [0x00000000ee200000,0x00000000ee200000,0x00000000efa80000)
 ParOldGen       total 52736K, used 33051K [0x00000000a0000000, 0x00000000a3380000, 0x00000000e0000000)
  object space 52736K, 62% used [0x00000000a0000000,0x00000000a2046f50,0x00000000a3380000)
 Metaspace       used 57701K, capacity 58960K, committed 59136K, reserved 1101824K
  class space    used 7306K, capacity 7620K, committed 7680K, reserved 1048576K
Event: 41,959 GC heap after
Heap after GC invocations=15 (full 2):
 PSYoungGen      total 256512K, used 9287K [0x00000000e0000000, 0x00000000f6180000, 0x0000000100000000)
  eden space 231424K, 0% used [0x00000000e0000000,0x00000000e0000000,0x00000000ee200000)
  from space 25088K, 37% used [0x00000000ee200000,0x00000000eeb11dc0,0x00000000efa80000)
  to   space 24064K, 0% used [0x00000000f4a00000,0x00000000f4a00000,0x00000000f6180000)
 ParOldGen       total 52736K, used 50847K [0x00000000a0000000, 0x00000000a3380000, 0x00000000e0000000)
  object space 52736K, 96% used [0x00000000a0000000,0x00000000a31a7e10,0x00000000a3380000)
 Metaspace       used 57701K, capacity 58960K, committed 59136K, reserved 1101824K
  class space    used 7306K, capacity 7620K, committed 7680K, reserved 1048576K
}
Event: 41,959 GC heap before
{Heap before GC invocations=16 (full 3):
 PSYoungGen      total 256512K, used 9287K [0x00000000e0000000, 0x00000000f6180000, 0x0000000100000000)
  eden space 231424K, 0% used [0x00000000e0000000,0x00000000e0000000,0x00000000ee200000)
  from space 25088K, 37% used [0x00000000ee200000,0x00000000eeb11dc0,0x00000000efa80000)
  to   space 24064K, 0% used [0x00000000f4a00000,0x00000000f4a00000,0x00000000f6180000)
 ParOldGen       total 52736K, used 50847K [0x00000000a0000000, 0x00000000a3380000, 0x00000000e0000000)
  object space 52736K, 96% used [0x00000000a0000000,0x00000000a31a7e10,0x00000000a3380000)
 Metaspace       used 57701K, capacity 58960K, committed 59136K, reserved 1101824K
  class space    used 7306K, capacity 7620K, committed 7680K, reserved 1048576K
Event: 42,542 GC heap after
Heap after GC invocations=16 (full 3):
 PSYoungGen      total 256512K, used 0K [0x00000000e0000000, 0x00000000f6180000, 0x0000000100000000)
  eden space 231424K, 0% used [0x00000000e0000000,0x00000000e0000000,0x00000000ee200000)
  from space 25088K, 0% used [0x00000000ee200000,0x00000000ee200000,0x00000000efa80000)
  to   space 24064K, 0% used [0x00000000f4a00000,0x00000000f4a00000,0x00000000f6180000)
 ParOldGen       total 100864K, used 45802K [0x00000000a0000000, 0x00000000a6280000, 0x00000000e0000000)
  object space 100864K, 45% used [0x00000000a0000000,0x00000000a2cbabd8,0x00000000a6280000)
 Metaspace       used 57701K, capacity 58960K, committed 59136K, reserved 1101824K
  class space    used 7306K, capacity 7620K, committed 7680K, reserved 1048576K
}
Event: 47,256 GC heap before
{Heap before GC invocations=17 (full 3):
 PSYoungGen      total 256512K, used 231424K [0x00000000e0000000, 0x00000000f6180000, 0x0000000100000000)
  eden space 231424K, 100% used [0x00000000e0000000,0x00000000ee200000,0x00000000ee200000)
  from space 25088K, 0% used [0x00000000ee200000,0x00000000ee200000,0x00000000efa80000)
  to   space 24064K, 0% used [0x00000000f4a00000,0x00000000f4a00000,0x00000000f6180000)
 ParOldGen       total 100864K, used 45802K [0x00000000a0000000, 0x00000000a6280000, 0x00000000e0000000)
  object space 100864K, 45% used [0x00000000a0000000,0x00000000a2cbabd8,0x00000000a6280000)
 Metaspace       used 60435K, capacity 61652K, committed 62080K, reserved 1103872K
  class space    used 7655K, capacity 7942K, committed 8064K, reserved 1048576K
Event: 47,302 GC heap after
Heap after GC invocations=17 (full 3):
 PSYoungGen      total 322560K, used 6976K [0x00000000e0000000, 0x00000000f5900000, 0x0000000100000000)
  eden space 307200K, 0% used [0x00000000e0000000,0x00000000e0000000,0x00000000f2c00000)
  from space 15360K, 45% used [0x00000000f4a00000,0x00000000f50d00c8,0x00000000f5900000)
  to   space 23040K, 0% used [0x00000000f2c00000,0x00000000f2c00000,0x00000000f4280000)
 ParOldGen       total 100864K, used 45810K [0x00000000a0000000, 0x00000000a6280000, 0x00000000e0000000)
  object space 100864K, 45% used [0x00000000a0000000,0x00000000a2cbcbd8,0x00000000a6280000)
 Metaspace       used 60435K, capacity 61652K, committed 62080K, reserved 1103872K
  class space    used 7655K, capacity 7942K, committed 8064K, reserved 1048576K
}
Event: 50,519 GC heap before
{Heap before GC invocations=18 (full 3):
 PSYoungGen      total 322560K, used 314176K [0x00000000e0000000, 0x00000000f5900000, 0x0000000100000000)
  eden space 307200K, 100% used [0x00000000e0000000,0x00000000f2c00000,0x00000000f2c00000)
  from space 15360K, 45% used [0x00000000f4a00000,0x00000000f50d00c8,0x00000000f5900000)
  to   space 23040K, 0% used [0x00000000f2c00000,0x00000000f2c00000,0x00000000f4280000)
 ParOldGen       total 100864K, used 45810K [0x00000000a0000000, 0x00000000a6280000, 0x00000000e0000000)
  object space 100864K, 45% used [0x00000000a0000000,0x00000000a2cbcbd8,0x00000000a6280000)
 Metaspace       used 61807K, capacity 63110K, committed 63488K, reserved 1103872K
  class space    used 7838K, capacity 8143K, committed 8192K, reserved 1048576K

